This is pdfTeX, Version 3.14159265-2.6-1.40.18 (MiKTeX 2.9.6600 64-bit) (preloaded format=pdflatex 2018.2.25)  18 AUG 2018 03:18
entering extended mode
**./Bio_AH.tex
(Bio_AH.tex
LaTeX2e <2017-04-15>
Babel <3.17> and hyphenation patterns for 75 language(s) loaded.
! Undefined control sequence.
l.1 \chapter
            *{Brief Bio-data of the Author}
The control sequence at the end of the top line
of your error message was never \def'ed. If you have
misspelled it (e.g., `\hobx'), type `I' and the correct
spelling (e.g., `I\hbox'). Otherwise just continue,
and I'll forget about whatever was undefined.


! LaTeX Error: Missing \begin{document}.

See the LaTeX manual or LaTeX Companion for explanation.
Type  H <return>  for immediate help.
 ...                                              
                                                  
l.1 \chapter*
             {Brief Bio-data of the Author}
You're in trouble here.  Try typing  <return>  to proceed.
If that doesn't work, type  X <return>  to quit.

Missing character: There is no * in font nullfont!
Missing character: There is no B in font nullfont!
Missing character: There is no r in font nullfont!
Missing character: There is no i in font nullfont!
Missing character: There is no e in font nullfont!
Missing character: There is no f in font nullfont!
Missing character: There is no B in font nullfont!
Missing character: There is no i in font nullfont!
Missing character: There is no o in font nullfont!
Missing character: There is no - in font nullfont!
Missing character: There is no d in font nullfont!
Missing character: There is no a in font nullfont!
Missing character: There is no t in font nullfont!
Missing character: There is no a in font nullfont!
Missing character: There is no o in font nullfont!
Missing character: There is no f in font nullfont!
Missing character: There is no t in font nullfont!
Missing character: There is no h in font nullfont!
Missing character: There is no e in font nullfont!
Missing character: There is no A in font nullfont!
Missing character: There is no u in font nullfont!
Missing character: There is no t in font nullfont!
Missing character: There is no h in font nullfont!
Missing character: There is no o in font nullfont!
Missing character: There is no r in font nullfont!

Overfull \hbox (20.0pt too wide) in paragraph at lines 1--2
[]
 []

)
! Emergency stop.
<*> ./Bio_AH.tex
                
*** (job aborted, no legal \end found)

 
Here is how much of TeX's memory you used:
 7 strings out of 493303
 162 string characters out of 3138856
 53826 words of memory out of 3000000
 3660 multiletter control sequences out of 15000+200000
 3640 words of font info for 14 fonts, out of 3000000 for 9000
 1141 hyphenation exceptions out of 8191
 5i,0n,4p,375b,14s stack positions out of 5000i,500n,10000p,200000b,50000s
!  ==> Fatal error occurred, no output PDF file produced!
