This is pdfTeX, Version 3.14159265-2.6-1.40.18 (MiKTeX 2.9.6600 64-bit) (preloaded format=pdflatex 2018.2.25)  6 DEC 2018 00:51
entering extended mode
**./copyright.tex
(copyright.tex
LaTeX2e <2017-04-15>
Babel <3.17> and hyphenation patterns for 75 language(s) loaded.
! Undefined control sequence.
l.1 \newgeometry
                {top=1.3in,bottom=1.0in,left=0.8in,right=0.8in}
The control sequence at the end of the top line
of your error message was never \def'ed. If you have
misspelled it (e.g., `\hobx'), type `I' and the correct
spelling (e.g., `I\hbox'). Otherwise just continue,
and I'll forget about whatever was undefined.


! LaTeX Error: Missing \begin{document}.

See the LaTeX manual or LaTeX Companion for explanation.
Type  H <return>  for immediate help.
 ...                                              
                                                  
l.1 \newgeometry{t
                  op=1.3in,bottom=1.0in,left=0.8in,right=0.8in}
You're in trouble here.  Try typing  <return>  to proceed.
If that doesn't work, type  X <return>  to quit.

Missing character: There is no t in font nullfont!
Missing character: There is no o in font nullfont!
Missing character: There is no p in font nullfont!
Missing character: There is no = in font nullfont!
Missing character: There is no 1 in font nullfont!
Missing character: There is no . in font nullfont!
Missing character: There is no 3 in font nullfont!
Missing character: There is no i in font nullfont!
Missing character: There is no n in font nullfont!
Missing character: There is no , in font nullfont!
Missing character: There is no b in font nullfont!
Missing character: There is no o in font nullfont!
Missing character: There is no t in font nullfont!
Missing character: There is no t in font nullfont!
Missing character: There is no o in font nullfont!
Missing character: There is no m in font nullfont!
Missing character: There is no = in font nullfont!
Missing character: There is no 1 in font nullfont!
Missing character: There is no . in font nullfont!
Missing character: There is no 0 in font nullfont!
Missing character: There is no i in font nullfont!
Missing character: There is no n in font nullfont!
Missing character: There is no , in font nullfont!
Missing character: There is no l in font nullfont!
Missing character: There is no e in font nullfont!
Missing character: There is no f in font nullfont!
Missing character: There is no t in font nullfont!
Missing character: There is no = in font nullfont!
Missing character: There is no 0 in font nullfont!
Missing character: There is no . in font nullfont!
Missing character: There is no 8 in font nullfont!
Missing character: There is no i in font nullfont!
Missing character: There is no n in font nullfont!
Missing character: There is no , in font nullfont!
Missing character: There is no r in font nullfont!
Missing character: There is no i in font nullfont!
Missing character: There is no g in font nullfont!
Missing character: There is no h in font nullfont!
Missing character: There is no t in font nullfont!
Missing character: There is no = in font nullfont!
Missing character: There is no 0 in font nullfont!
Missing character: There is no . in font nullfont!
Missing character: There is no 8 in font nullfont!
Missing character: There is no i in font nullfont!
Missing character: There is no n in font nullfont!
! Undefined control sequence.
l.2 \doublespacing
                  
The control sequence at the end of the top line
of your error message was never \def'ed. If you have
misspelled it (e.g., `\hobx'), type `I' and the correct
spelling (e.g., `I\hbox'). Otherwise just continue,
and I'll forget about whatever was undefined.


Overfull \hbox (20.0pt too wide) in paragraph at lines 1--4
[] 
 []

! Undefined control sequence.
<recently read> \large 
                       
l.8 ...D CONTROL OF TELEOPERATED MOBILE PLATFORM}}
                                                  
The control sequence at the end of the top line
of your error message was never \def'ed. If you have
misspelled it (e.g., `\hobx'), type `I' and the correct
spelling (e.g., `I\hbox'). Otherwise just continue,
and I'll forget about whatever was undefined.


Overfull \hbox (45.16641pt too wide) in paragraph at lines 8--9
 \OT1/cmr/bx/n/10 DESIGN 
 []


Overfull \hbox (26.51375pt too wide) in paragraph at lines 8--9
 \OT1/cmr/bx/n/10 AND 
 []


Overfull \hbox (29.77762pt too wide) in paragraph at lines 8--9
 \OT1/cmr/bx/n/10 CON- 
 []


Overfull \hbox (31.86093pt too wide) in paragraph at lines 8--9
 \OT1/cmr/bx/n/10 TROL 
 []


Overfull \hbox (15.87491pt too wide) in paragraph at lines 8--9
 \OT1/cmr/bx/n/10 OF 
 []


Overfull \hbox (33.86092pt too wide) in paragraph at lines 8--9
 \OT1/cmr/bx/n/10 TELE- 
 []


Overfull \hbox (20.33322pt too wide) in paragraph at lines 8--9
 \OT1/cmr/bx/n/10 OP- 
 []


Overfull \hbox (20.01378pt too wide) in paragraph at lines 8--9
 \OT1/cmr/bx/n/10 ER- 
 []


Overfull \hbox (32.11093pt too wide) in paragraph at lines 8--9
 \OT1/cmr/bx/n/10 ATED 
 []


Overfull \hbox (23.38876pt too wide) in paragraph at lines 8--9
 \OT1/cmr/bx/n/10 MO- 
 []


Overfull \hbox (27.01373pt too wide) in paragraph at lines 8--9
 \OT1/cmr/bx/n/10 BILE 
 []


Overfull \hbox (34.34703pt too wide) in paragraph at lines 8--9
 \OT1/cmr/bx/n/10 PLAT- 
 []


Overfull \hbox (35.09703pt too wide) in paragraph at lines 8--9
 \OT1/cmr/bx/n/10 FORM 
 []


Overfull \hbox (53.48582pt too wide) in paragraph at lines 21--22
 []\OT1/cmr/bx/n/10 AMAREN 
 []


Overfull \hbox (66.95798pt too wide) in paragraph at lines 21--22
 \OT1/cmr/bx/n/10 PRASANNA 
 []


Overfull \hbox (23.5832pt too wide) in paragraph at lines 21--22
 \OT1/cmr/bx/n/10 DAS 
 []

! Undefined control sequence.
l.45 \includegraphics
                     [height=4cm]{Misc_front/iitlogo.eps}
The control sequence at the end of the top line
of your error message was never \def'ed. If you have
misspelled it (e.g., `\hobx'), type `I' and the correct
spelling (e.g., `I\hbox'). Otherwise just continue,
and I'll forget about whatever was undefined.

Missing character: There is no [ in font nullfont!
Missing character: There is no h in font nullfont!
Missing character: There is no e in font nullfont!
Missing character: There is no i in font nullfont!
Missing character: There is no g in font nullfont!
Missing character: There is no h in font nullfont!
Missing character: There is no t in font nullfont!
Missing character: There is no = in font nullfont!
Missing character: There is no 4 in font nullfont!
Missing character: There is no c in font nullfont!
Missing character: There is no m in font nullfont!
Missing character: There is no ] in font nullfont!
Missing character: There is no M in font nullfont!
Missing character: There is no i in font nullfont!
Missing character: There is no s in font nullfont!
Missing character: There is no c in font nullfont!
! Missing $ inserted.
<inserted text> 
                $
l.45 \includegraphics[height=4cm]{Misc_
                                       front/iitlogo.eps}
I've inserted a begin-math/end-math symbol since I think
you left one out. Proceed, with fingers crossed.

LaTeX Font Info:    External font `cmex10' loaded for size
(Font)              <7> on input line 45.
LaTeX Font Info:    External font `cmex10' loaded for size
(Font)              <5> on input line 45.
! Extra }, or forgotten $.
l.45 ...aphics[height=4cm]{Misc_front/iitlogo.eps}
                                                  
I've deleted a group-closing symbol because it seems to be
spurious, as in `$x}$'. But perhaps the } is legitimate and
you forgot something else, as in `\hbox{$x}'. In such cases
the way to recover is to insert both the forgotten and the
deleted material, e.g., by typing `I$}'.

! Missing $ inserted.
<inserted text> 
                $
l.46 
     
I've inserted a begin-math/end-math symbol since I think
you left one out. Proceed, with fingers crossed.

! Missing } inserted.
<inserted text> 
                }
l.46 
     
I've inserted something that you may have forgotten.
(See the <inserted text> above.)
With luck, this will get me unwedged. But if you
really didn't forget anything, try typing `2' now; then
my insertion and my current dilemma will both disappear.


Overfull \hbox (75.09183pt too wide) in paragraph at lines 45--46
 []$[]\OML/cmm/m/it/10 ront=iitlogo:eps[]$ 
 []


Overfull \hbox (83.11066pt too wide) in paragraph at lines 54--55
 []\OT1/cmr/bx/n/10 DEPARTMENT 
 []


Overfull \hbox (15.87491pt too wide) in paragraph at lines 54--55
 \OT1/cmr/bx/n/10 OF 
 []


Overfull \hbox (22.30544pt too wide) in paragraph at lines 54--55
 \OT1/cmr/bx/n/10 ME- 
 []


Overfull \hbox (38.83313pt too wide) in paragraph at lines 54--55
 \OT1/cmr/bx/n/10 CHAN- 
 []


Overfull \hbox (8.1944pt too wide) in paragraph at lines 54--55
 \OT1/cmr/bx/n/10 I- 
 []


Overfull \hbox (23.91653pt too wide) in paragraph at lines 54--55
 \OT1/cmr/bx/n/10 CAL 
 []


Overfull \hbox (20.38878pt too wide) in paragraph at lines 54--55
 \OT1/cmr/bx/n/10 EN- 
 []


Overfull \hbox (17.23601pt too wide) in paragraph at lines 54--55
 \OT1/cmr/bx/n/10 GI- 
 []


Overfull \hbox (36.56924pt too wide) in paragraph at lines 54--55
 \OT1/cmr/bx/n/10 NEER- 
 []


Overfull \hbox (22.40265pt too wide) in paragraph at lines 54--55
 \OT1/cmr/bx/n/10 ING 
 []


Overfull \hbox (44.23587pt too wide) in paragraph at lines 56--57
 []\OT1/cmr/bx/n/10 INDIAN 
 []


Overfull \hbox (17.19435pt too wide) in paragraph at lines 56--57
 \OT1/cmr/bx/n/10 IN- 
 []


Overfull \hbox (22.5832pt too wide) in paragraph at lines 56--57
 \OT1/cmr/bx/n/10 STI- 
 []


Overfull \hbox (32.40259pt too wide) in paragraph at lines 56--57
 \OT1/cmr/bx/n/10 TUTE 
 []


Overfull \hbox (15.87491pt too wide) in paragraph at lines 56--57
 \OT1/cmr/bx/n/10 OF 
 []


Overfull \hbox (36.69424pt too wide) in paragraph at lines 56--57
 \OT1/cmr/bx/n/10 TECH- 
 []


Overfull \hbox (28.38873pt too wide) in paragraph at lines 56--57
 \OT1/cmr/bx/n/10 NOL- 
 []


Overfull \hbox (26.37485pt too wide) in paragraph at lines 56--57
 \OT1/cmr/bx/n/10 OGY 
 []


Overfull \hbox (36.65257pt too wide) in paragraph at lines 56--57
 \OT1/cmr/bx/n/10 DELHI 
 []


Overfull \hbox (50.45116pt too wide) in paragraph at lines 58--59
 []\OT1/cmr/bx/n/10 December 
 []


Overfull \hbox (22.99988pt too wide) in paragraph at lines 58--59
 \OT1/cmr/bx/n/10 2018 
 []


! LaTeX Error: The font size command \normalsize is not defined:
               there is probably something wrong with the class file.

See the LaTeX manual or LaTeX Companion for explanation.
Type  H <return>  for immediate help.
 ...                                              
                                                  
l.64 \newpage
             
Your command was ignored.
Type  I <command> <return>  to replace it with another command,
or  <return>  to continue without it.

[1{C:/Users/APDAS/AppData/Local/MiKTeX/2.9/pdftex/config/pdftex.map}]
Overfull \hbox (20.0pt too wide) in paragraph at lines 66--68
[][] 
 []


! LaTeX Error: The font size command \normalsize is not defined:
               there is probably something wrong with the class file.

See the LaTeX manual or LaTeX Companion for explanation.
Type  H <return>  for immediate help.
 ...                                              
                                                  
l.69 \newpage
             
Your command was ignored.
Type  I <command> <return>  to replace it with another command,
or  <return>  to continue without it.

[2]
Overfull \hbox (20.0pt too wide) in paragraph at lines 71--71
[] 
 []

Runaway argument?
{
! Paragraph ended before \text@command was complete.
<to be read again> 
                   \par 
l.86 
     
I suspect you've forgotten a `}', causing me to apply this
control sequence to too much text. How can we recover?
My plan is to forget the whole thing and hope for the best.

! Extra }, or forgotten \endgroup.
<recently read> \egroup 
                        
l.86 
     
I've deleted a group-closing symbol because it seems to be
spurious, as in `$x}$'. But perhaps the } is legitimate and
you forgot something else, as in `\hbox{$x}'. In such cases
the way to recover is to insert both the forgotten and the
deleted material, e.g., by typing `I$}'.

Runaway argument?
{
! Paragraph ended before \text@command was complete.
<to be read again> 
                   \par 
l.91 
     
I suspect you've forgotten a `}', causing me to apply this
control sequence to too much text. How can we recover?
My plan is to forget the whole thing and hope for the best.

! Extra }, or forgotten \endgroup.
<recently read> \egroup 
                        
l.91 
     
I've deleted a group-closing symbol because it seems to be
spurious, as in `$x}$'. But perhaps the } is legitimate and
you forgot something else, as in `\hbox{$x}'. In such cases
the way to recover is to insert both the forgotten and the
deleted material, e.g., by typing `I$}'.

Runaway argument?
{
! Paragraph ended before \text@command was complete.
<to be read again> 
                   \par 
l.101 
      
I suspect you've forgotten a `}', causing me to apply this
control sequence to too much text. How can we recover?
My plan is to forget the whole thing and hope for the best.

! Extra }, or forgotten \endgroup.
<recently read> \egroup 
                        
l.101 
      
I've deleted a group-closing symbol because it seems to be
spurious, as in `$x}$'. But perhaps the } is legitimate and
you forgot something else, as in `\hbox{$x}'. In such cases
the way to recover is to insert both the forgotten and the
deleted material, e.g., by typing `I$}'.

Runaway argument?
{
! Paragraph ended before \text@command was complete.
<to be read again> 
                   \par 
l.103 
      
I suspect you've forgotten a `}', causing me to apply this
control sequence to too much text. How can we recover?
My plan is to forget the whole thing and hope for the best.

! Extra }, or forgotten \endgroup.
<recently read> \egroup 
                        
l.103 
      
I've deleted a group-closing symbol because it seems to be
spurious, as in `$x}$'. But perhaps the } is legitimate and
you forgot something else, as in `\hbox{$x}'. In such cases
the way to recover is to insert both the forgotten and the
deleted material, e.g., by typing `I$}'.

Runaway argument?
{
! Paragraph ended before \text@command was complete.
<to be read again> 
                   \par 
l.108 
      
I suspect you've forgotten a `}', causing me to apply this
control sequence to too much text. How can we recover?
My plan is to forget the whole thing and hope for the best.

! Extra }, or forgotten \endgroup.
<recently read> \egroup 
                        
l.108 
      
I've deleted a group-closing symbol because it seems to be
spurious, as in `$x}$'. But perhaps the } is legitimate and
you forgot something else, as in `\hbox{$x}'. In such cases
the way to recover is to insert both the forgotten and the
deleted material, e.g., by typing `I$}'.


Overfull \hbox (9.761pt too wide) in paragraph at lines 112--113
 []\OT1/cmr/bx/it/10 to 
 []


Overfull \hbox (15.08316pt too wide) in paragraph at lines 112--113
 \OT1/cmr/bx/it/10 the 
 []

! Undefined control sequence.
l.122 \includegraphics
                      [height=4cm]{Misc_front/iitlogo.eps}
The control sequence at the end of the top line
of your error message was never \def'ed. If you have
misspelled it (e.g., `\hobx'), type `I' and the correct
spelling (e.g., `I\hbox'). Otherwise just continue,
and I'll forget about whatever was undefined.

! Missing $ inserted.
<inserted text> 
                $
l.122 \includegraphics[height=4cm]{Misc_
                                        front/iitlogo.eps}
I've inserted a begin-math/end-math symbol since I think
you left one out. Proceed, with fingers crossed.

! Extra }, or forgotten $.
l.122 ...phics[height=4cm]{Misc_front/iitlogo.eps}
                                                  
I've deleted a group-closing symbol because it seems to be
spurious, as in `$x}$'. But perhaps the } is legitimate and
you forgot something else, as in `\hbox{$x}'. In such cases
the way to recover is to insert both the forgotten and the
deleted material, e.g., by typing `I$}'.

! Missing $ inserted.
<inserted text> 
                $
l.123 
      
I've inserted a begin-math/end-math symbol since I think
you left one out. Proceed, with fingers crossed.

! Missing } inserted.
<inserted text> 
                }
l.123 
      
I've inserted something that you may have forgotten.
(See the <inserted text> above.)
With luck, this will get me unwedged. But if you
really didn't forget anything, try typing `2' now; then
my insertion and my current dilemma will both disappear.


Overfull \hbox (166.09366pt too wide) in paragraph at lines 122--123
 []\OT1/cmr/bx/it/10 [height=4cm]Misc$[]\OML/cmm/m/it/10 ront=iitlogo:eps[]$ 
 []


Overfull \hbox (44.76628pt too wide) in paragraph at lines 129--130
 []\OT1/cmr/bx/it/10 INDIAN 
 []


Overfull \hbox (17.82208pt too wide) in paragraph at lines 129--130
 \OT1/cmr/bx/it/10 IN- 
 []


Overfull \hbox (23.322pt too wide) in paragraph at lines 129--130
 \OT1/cmr/bx/it/10 STI- 
 []


Overfull \hbox (32.29686pt too wide) in paragraph at lines 129--130
 \OT1/cmr/bx/it/10 TUTE 
 []


Overfull \hbox (15.82205pt too wide) in paragraph at lines 129--130
 \OT1/cmr/bx/it/10 OF 
 []


Overfull \hbox (36.8996pt too wide) in paragraph at lines 129--130
 \OT1/cmr/bx/it/10 TECH- 
 []


Overfull \hbox (28.63304pt too wide) in paragraph at lines 129--130
 \OT1/cmr/bx/it/10 NOL- 
 []


Overfull \hbox (26.15805pt too wide) in paragraph at lines 129--130
 \OT1/cmr/bx/it/10 OGY 
 []


Overfull \hbox (36.97742pt too wide) in paragraph at lines 129--130
 \OT1/cmr/bx/it/10 DELHI 
 []


Overfull \hbox (33.21913pt too wide) in paragraph at lines 131--132
 []\OT1/cmr/bx/it/10 HAUZ 
 []


Overfull \hbox (36.62187pt too wide) in paragraph at lines 131--132
 \OT1/cmr/bx/it/10 KHAS, 
 []


Overfull \hbox (28.12749pt too wide) in paragraph at lines 131--132
 \OT1/cmr/bx/it/10 NEW 
 []


Overfull \hbox (36.97742pt too wide) in paragraph at lines 131--132
 \OT1/cmr/bx/it/10 DELHI 
 []


Overfull \hbox (4.14441pt too wide) in paragraph at lines 131--132
 \OT1/cmr/bx/it/10 - 
 []


Overfull \hbox (35.46625pt too wide) in paragraph at lines 131--132
 \OT1/cmr/bx/it/10 110016 
 []


Overfull \hbox (22.25533pt too wide) in paragraph at lines 133--134
 []\OT1/cmr/bx/it/10 May 
 []


Overfull \hbox (23.64417pt too wide) in paragraph at lines 133--134
 \OT1/cmr/bx/it/10 2017 
 []

! Undefined control sequence.
l.138 \restoregeometry
                      
The control sequence at the end of the top line
of your error message was never \def'ed. If you have
misspelled it (e.g., `\hobx'), type `I' and the correct
spelling (e.g., `I\hbox'). Otherwise just continue,
and I'll forget about whatever was undefined.

)
! Emergency stop.
<*> ./copyright.tex
                   
*** (job aborted, no legal \end found)

 
Here is how much of TeX's memory you used:
 16 strings out of 493303
 313 string characters out of 3138856
 55826 words of memory out of 3000000
 3666 multiletter control sequences out of 15000+200000
 4307 words of font info for 16 fonts, out of 3000000 for 9000
 1141 hyphenation exceptions out of 8191
 18i,4n,12p,101b,131s stack positions out of 5000i,500n,10000p,200000b,50000s
!  ==> Fatal error occurred, no output PDF file produced!
